2024-05-28 18:47:42.051-05:00 ERROR c.m.applicationinsights.agent - 
*************************
Application Insights Java Agent 3.5.2 startup failed (PID 92949)
*************************

Description:
No connection string provided

Action:
Please provide connection string.

2024-05-28 18:48:01.101-05:00 ERROR c.m.applicationinsights.agent - 
*************************
Application Insights Java Agent 3.5.2 startup failed (PID 92977)
*************************

Description:
No connection string provided

Action:
Please provide connection string.

2024-05-28 19:00:13.430-05:00 ERROR c.m.applicationinsights.agent - 
*************************
Application Insights Java Agent 3.5.2 startup failed (PID 94241)
*************************

Description:
No connection string provided

Action:
Please provide connection string.

2024-05-28 19:07:19.723-05:00 ERROR c.m.applicationinsights.agent - 
*************************
Application Insights Java Agent 3.5.2 startup failed (PID 94915)
*************************

Description:
No connection string provided

Action:
Please provide connection string.

2024-05-29 09:21:40.891-05:00 ERROR c.m.applicationinsights.agent - 
*************************
Application Insights Java Agent 3.5.2 startup failed (PID 77240)
*************************

Description:
No connection string provided

Action:
Please provide connection string.

2024-05-29 09:21:47.215-05:00 ERROR c.m.applicationinsights.agent - 
*************************
Application Insights Java Agent 3.5.2 startup failed (PID 77255)
*************************

Description:
No connection string provided

Action:
Please provide connection string.

2024-05-29 15:15:03.652-05:00 ERROR c.m.applicationinsights.agent - 
*************************
Application Insights Java Agent 3.5.2 startup failed (PID 11403)
*************************

Description:
No connection string provided

Action:
Please provide connection string.

2024-05-29 15:15:13.210-05:00 ERROR c.m.applicationinsights.agent - 
*************************
Application Insights Java Agent 3.5.2 startup failed (PID 11421)
*************************

Description:
No connection string provided

Action:
Please provide connection string.

2024-05-29 15:15:23.407-05:00 ERROR c.m.applicationinsights.agent - 
*************************
Application Insights Java Agent 3.5.2 startup failed (PID 11437)
*************************

Description:
No connection string provided

Action:
Please provide connection string.

2024-05-29 15:17:14.491-05:00 ERROR c.m.applicationinsights.agent - 
*************************
Application Insights Java Agent 3.5.2 startup failed (PID 11625)
*************************

Description:
No connection string provided

Action:
Please provide connection string.

2024-05-29 16:01:08.360-05:00 ERROR c.m.applicationinsights.agent - 
*************************
Application Insights Java Agent 3.5.2 startup failed (PID 16211)
*************************

Description:
No connection string provided

Action:
Please provide connection string.

2024-05-29 16:05:49.294-05:00 ERROR c.m.applicationinsights.agent - 
*************************
Application Insights Java Agent 3.5.2 startup failed (PID 16673)
*************************

Description:
No connection string provided

Action:
Please provide connection string.

2024-05-29 16:19:29.024-05:00 ERROR c.m.applicationinsights.agent - 
*************************
Application Insights Java Agent 3.5.2 startup failed (PID 18390)
*************************

Description:
No connection string provided

Action:
Please provide connection string.

2024-05-29 22:33:08.666-05:00 ERROR c.m.applicationinsights.agent - 
*************************
Application Insights Java Agent 3.5.2 startup failed (PID 54345)
*************************

Description:
No connection string provided

Action:
Please provide connection string.

2024-05-29 22:34:12.838-05:00 ERROR c.m.applicationinsights.agent - 
*************************
Application Insights Java Agent 3.5.2 startup failed (PID 54467)
*************************

Description:
No connection string provided

Action:
Please provide connection string.

2024-05-29 22:34:13.316-05:00 ERROR c.m.applicationinsights.agent - 
*************************
Application Insights Java Agent 3.5.2 startup failed (PID 54470)
*************************

Description:
No connection string provided

Action:
Please provide connection string.

2024-05-29 22:35:57.150-05:00 ERROR c.m.applicationinsights.agent - 
*************************
Application Insights Java Agent 3.5.2 startup failed (PID 54787)
*************************

Description:
No connection string provided

Action:
Please provide connection string.

2024-05-29 22:38:30.641-05:00 ERROR c.m.applicationinsights.agent - 
*************************
Application Insights Java Agent 3.5.2 startup failed (PID 55021)
*************************

Description:
No connection string provided

Action:
Please provide connection string.

2024-05-29 22:40:20.399-05:00 ERROR c.m.applicationinsights.agent - 
*************************
Application Insights Java Agent 3.5.2 startup failed (PID 56082)
*************************

Description:
No connection string provided

Action:
Please provide connection string.

2024-05-29 22:49:49.002-05:00 ERROR c.m.applicationinsights.agent - 
*************************
Application Insights Java Agent 3.5.2 startup failed (PID 56893)
*************************

Description:
No connection string provided

Action:
Please provide connection string.

2024-05-29 22:53:52.185-05:00 ERROR c.m.applicationinsights.agent - 
*************************
Application Insights Java Agent 3.5.2 startup failed (PID 57239)
*************************

Description:
No connection string provided

Action:
Please provide connection string.

2024-05-29 22:56:47.718-05:00 ERROR c.m.applicationinsights.agent - 
*************************
Application Insights Java Agent 3.5.2 startup failed (PID 57589)
*************************

Description:
No connection string provided

Action:
Please provide connection string.

2024-05-29 23:10:01.397-05:00 ERROR c.m.applicationinsights.agent - 
*************************
Application Insights Java Agent 3.5.2 startup failed (PID 58753)
*************************

Description:
No connection string provided

Action:
Please provide connection string.

2024-05-30 00:43:05.386-05:00 ERROR c.m.applicationinsights.agent - 
*************************
Application Insights Java Agent 3.5.2 startup failed (PID 67742)
*************************

Description:
No connection string provided

Action:
Please provide connection string.

2024-05-30 00:43:21.445-05:00 ERROR c.m.applicationinsights.agent - 
*************************
Application Insights Java Agent 3.5.2 startup failed (PID 67791)
*************************

Description:
No connection string provided

Action:
Please provide connection string.

2024-05-30 01:59:34.980-05:00 ERROR c.m.applicationinsights.agent - 
*************************
Application Insights Java Agent 3.5.2 startup failed (PID 78269)
*************************

Description:
No connection string provided

Action:
Please provide connection string.

2024-05-30 02:26:14.535-05:00 ERROR c.m.applicationinsights.agent - 
*************************
Application Insights Java Agent 3.5.2 startup failed (PID 81485)
*************************

Description:
No connection string provided

Action:
Please provide connection string.

2024-05-30 02:43:23.094-05:00 ERROR c.m.applicationinsights.agent - 
*************************
Application Insights Java Agent 3.5.2 startup failed (PID 83479)
*************************

Description:
No connection string provided

Action:
Please provide connection string.

2024-05-30 02:57:00.447-05:00 ERROR c.m.applicationinsights.agent - 
*************************
Application Insights Java Agent 3.5.2 startup failed (PID 84987)
*************************

Description:
No connection string provided

Action:
Please provide connection string.

2024-05-30 03:52:27.785-05:00 ERROR c.m.applicationinsights.agent - 
*************************
Application Insights Java Agent 3.5.2 startup failed (PID 92193)
*************************

Description:
No connection string provided

Action:
Please provide connection string.

2024-05-31 01:41:55.448-05:00 ERROR c.m.applicationinsights.agent - 
*************************
Application Insights Java Agent 3.5.2 startup failed (PID 49594)
*************************

Description:
No connection string provided

Action:
Please provide connection string.

2024-05-31 15:39:12.398-05:00 ERROR c.m.applicationinsights.agent - 
*************************
Application Insights Java Agent 3.5.2 startup failed (PID 43369)
*************************

Description:
No connection string provided

Action:
Please provide connection string.

2024-05-31 15:41:45.366-05:00 ERROR c.m.applicationinsights.agent - 
*************************
Application Insights Java Agent 3.5.2 startup failed (PID 43801)
*************************

Description:
No connection string provided

Action:
Please provide connection string.

2024-05-31 16:01:16.569-05:00 ERROR c.m.applicationinsights.agent - 
*************************
Application Insights Java Agent 3.5.2 startup failed (PID 47295)
*************************

Description:
No connection string provided

Action:
Please provide connection string.

2024-06-03 14:28:33.022-05:00 ERROR c.m.applicationinsights.agent - 
*************************
Application Insights Java Agent 3.5.2 startup failed (PID 23914)
*************************

Description:
No connection string provided

Action:
Please provide connection string.

2024-06-03 15:36:26.723-05:00 ERROR c.m.applicationinsights.agent - 
*************************
Application Insights Java Agent 3.5.2 startup failed (PID 34718)
*************************

Description:
No connection string provided

Action:
Please provide connection string.

2024-06-03 15:37:06.229-05:00 ERROR c.m.applicationinsights.agent - 
*************************
Application Insights Java Agent 3.5.2 startup failed (PID 34792)
*************************

Description:
No connection string provided

Action:
Please provide connection string.

2024-06-03 15:42:50.546-05:00 ERROR c.m.applicationinsights.agent - 
*************************
Application Insights Java Agent 3.5.2 startup failed (PID 35528)
*************************

Description:
No connection string provided

Action:
Please provide connection string.

2024-06-03 15:44:45.245-05:00 ERROR c.m.applicationinsights.agent - 
*************************
Application Insights Java Agent 3.5.2 startup failed (PID 35752)
*************************

Description:
No connection string provided

Action:
Please provide connection string.

2024-06-03 15:46:29.925-05:00 ERROR c.m.applicationinsights.agent - 
*************************
Application Insights Java Agent 3.5.2 startup failed (PID 35940)
*************************

Description:
No connection string provided

Action:
Please provide connection string.

2024-06-04 01:18:03.051-05:00 ERROR c.m.applicationinsights.agent - 
*************************
Application Insights Java Agent 3.5.2 startup failed (PID 1903)
*************************

Description:
No connection string provided

Action:
Please provide connection string.

2024-06-04 10:29:46.309-05:00 ERROR c.m.applicationinsights.agent - 
*************************
Application Insights Java Agent 3.5.2 startup failed (PID 43400)
*************************

Description:
No connection string provided

Action:
Please provide connection string.

2024-06-04 11:28:47.830-05:00 ERROR c.m.applicationinsights.agent - 
*************************
Application Insights Java Agent 3.5.2 startup failed (PID 55806)
*************************

Description:
No connection string provided

Action:
Please provide connection string.

2024-06-04 11:55:52.443-05:00 ERROR c.m.applicationinsights.agent - 
*************************
Application Insights Java Agent 3.5.2 startup failed (PID 62411)
*************************

Description:
No connection string provided

Action:
Please provide connection string.

2024-06-04 11:56:59.917-05:00 ERROR c.m.applicationinsights.agent - 
*************************
Application Insights Java Agent 3.5.2 startup failed (PID 62675)
*************************

Description:
No connection string provided

Action:
Please provide connection string.

2024-06-04 11:57:24.311-05:00 ERROR c.m.applicationinsights.agent - 
*************************
Application Insights Java Agent 3.5.2 startup failed (PID 62761)
*************************

Description:
No connection string provided

Action:
Please provide connection string.

2024-06-04 15:44:51.050-05:00 ERROR c.m.applicationinsights.agent - 
*************************
Application Insights Java Agent 3.5.2 startup failed (PID 3518)
*************************

Description:
No connection string provided

Action:
Please provide connection string.

2024-06-04 15:45:16.782-05:00 ERROR c.m.applicationinsights.agent - 
*************************
Application Insights Java Agent 3.5.2 startup failed (PID 3596)
*************************

Description:
No connection string provided

Action:
Please provide connection string.

2024-06-04 15:47:39.986-05:00 ERROR c.m.applicationinsights.agent - 
*************************
Application Insights Java Agent 3.5.2 startup failed (PID 3916)
*************************

Description:
No connection string provided

Action:
Please provide connection string.

2024-06-04 15:47:48.749-05:00 ERROR c.m.applicationinsights.agent - 
*************************
Application Insights Java Agent 3.5.2 startup failed (PID 3959)
*************************

Description:
No connection string provided

Action:
Please provide connection string.

2024-06-04 15:50:33.369-05:00 ERROR c.m.applicationinsights.agent - 
*************************
Application Insights Java Agent 3.5.2 startup failed (PID 5205)
*************************

Description:
No connection string provided

Action:
Please provide connection string.

2024-06-04 15:50:39.738-05:00 ERROR c.m.applicationinsights.agent - 
*************************
Application Insights Java Agent 3.5.2 startup failed (PID 5222)
*************************

Description:
No connection string provided

Action:
Please provide connection string.

2024-06-04 15:53:00.137-05:00 ERROR c.m.applicationinsights.agent - 
*************************
Application Insights Java Agent 3.5.2 startup failed (PID 5644)
*************************

Description:
No connection string provided

Action:
Please provide connection string.

2024-06-04 15:53:55.379-05:00 ERROR c.m.applicationinsights.agent - 
*************************
Application Insights Java Agent 3.5.2 startup failed (PID 5799)
*************************

Description:
No connection string provided

Action:
Please provide connection string.

2024-06-12 12:58:06.758-05:00 ERROR c.m.applicationinsights.agent - 
*************************
Application Insights Java Agent 3.5.2 startup failed (PID 67356)
*************************

Description:
No connection string provided

Action:
Please provide connection string.

2024-06-12 12:58:09.754-05:00 ERROR c.m.applicationinsights.agent - 
*************************
Application Insights Java Agent 3.5.2 startup failed (PID 67370)
*************************

Description:
No connection string provided

Action:
Please provide connection string.

2024-06-12 13:01:17.681-05:00 ERROR c.m.applicationinsights.agent - 
*************************
Application Insights Java Agent 3.5.2 startup failed (PID 67898)
*************************

Description:
No connection string provided

Action:
Please provide connection string.

2024-06-12 13:22:17.815-05:00 ERROR c.m.applicationinsights.agent - 
*************************
Application Insights Java Agent 3.5.2 startup failed (PID 69859)
*************************

Description:
No connection string provided

Action:
Please provide connection string.

2024-06-12 15:10:53.127-05:00 ERROR c.m.applicationinsights.agent - 
*************************
Application Insights Java Agent 3.5.2 startup failed (PID 79558)
*************************

Description:
No connection string provided

Action:
Please provide connection string.

2024-06-12 22:26:35.332-05:00 ERROR c.m.applicationinsights.agent - 
*************************
Application Insights Java Agent 3.5.2 startup failed (PID 22099)
*************************

Description:
No connection string provided

Action:
Please provide connection string.

2024-06-12 22:26:55.822-05:00 ERROR c.m.applicationinsights.agent - 
*************************
Application Insights Java Agent 3.5.2 startup failed (PID 22151)
*************************

Description:
No connection string provided

Action:
Please provide connection string.

2024-06-12 22:28:52.558-05:00 ERROR c.m.applicationinsights.agent - 
*************************
Application Insights Java Agent 3.5.2 startup failed (PID 22352)
*************************

Description:
No connection string provided

Action:
Please provide connection string.

2024-06-12 22:29:00.819-05:00 ERROR c.m.applicationinsights.agent - 
*************************
Application Insights Java Agent 3.5.2 startup failed (PID 22370)
*************************

Description:
No connection string provided

Action:
Please provide connection string.

2024-06-12 22:36:20.182-05:00 ERROR c.m.applicationinsights.agent - 
*************************
Application Insights Java Agent 3.5.2 startup failed (PID 23022)
*************************

Description:
No connection string provided

Action:
Please provide connection string.

2024-06-12 23:24:38.738-05:00 ERROR c.m.applicationinsights.agent - 
*************************
Application Insights Java Agent 3.5.2 startup failed (PID 29178)
*************************

Description:
No connection string provided

Action:
Please provide connection string.

2024-06-13 22:30:29.134-05:00 ERROR c.m.applicationinsights.agent - 
*************************
Application Insights Java Agent 3.5.2 startup failed (PID 62889)
*************************

Description:
No connection string provided

Action:
Please provide connection string.

2024-06-13 22:30:44.270-05:00 ERROR c.m.applicationinsights.agent - 
*************************
Application Insights Java Agent 3.5.2 startup failed (PID 62913)
*************************

Description:
No connection string provided

Action:
Please provide connection string.

2024-06-13 22:30:47.648-05:00 ERROR c.m.applicationinsights.agent - 
*************************
Application Insights Java Agent 3.5.2 startup failed (PID 62920)
*************************

Description:
No connection string provided

Action:
Please provide connection string.

2024-06-13 22:33:09.384-05:00 ERROR c.m.applicationinsights.agent - 
*************************
Application Insights Java Agent 3.5.2 startup failed (PID 63195)
*************************

Description:
No connection string provided

Action:
Please provide connection string.

2024-06-13 22:55:05.347-05:00 ERROR c.m.applicationinsights.agent - 
*************************
Application Insights Java Agent 3.5.2 startup failed (PID 66079)
*************************

Description:
No connection string provided

Action:
Please provide connection string.

2024-06-14 08:43:15.558-05:00 ERROR c.m.applicationinsights.agent - 
*************************
Application Insights Java Agent 3.5.2 startup failed (PID 28737)
*************************

Description:
No connection string provided

Action:
Please provide connection string.

2024-06-14 08:43:18.940-05:00 ERROR c.m.applicationinsights.agent - 
*************************
Application Insights Java Agent 3.5.2 startup failed (PID 28752)
*************************

Description:
No connection string provided

Action:
Please provide connection string.

2024-06-14 08:46:35.073-05:00 ERROR c.m.applicationinsights.agent - 
*************************
Application Insights Java Agent 3.5.2 startup failed (PID 29053)
*************************

Description:
No connection string provided

Action:
Please provide connection string.

2024-06-14 08:46:35.686-05:00 ERROR c.m.applicationinsights.agent - 
*************************
Application Insights Java Agent 3.5.2 startup failed (PID 29057)
*************************

Description:
No connection string provided

Action:
Please provide connection string.

2024-06-14 08:48:20.303-05:00 ERROR c.m.applicationinsights.agent - 
*************************
Application Insights Java Agent 3.5.2 startup failed (PID 29245)
*************************

Description:
No connection string provided

Action:
Please provide connection string.

2024-07-23 15:51:13.118-05:00 INFO  c.m.a.a.i.c.ConfigurationBuilder - Some telemetry may be sampled out because a default sampling configuration was added in version 3.4.0 to reduce the default billing cost. You can set the sampling configuration explicitly: https://learn.microsoft.com/azure/azure-monitor/app/java-standalone-config#sampling
2024-07-23 15:51:13.181-05:00 ERROR c.m.applicationinsights.agent - 
*************************
Application Insights Java Agent 3.5.3 startup failed (PID 98913)
*************************

Description:
No connection string provided

Action:
Please provide connection string.

2024-07-23 15:51:15.346-05:00 INFO  c.m.a.a.i.c.ConfigurationBuilder - Some telemetry may be sampled out because a default sampling configuration was added in version 3.4.0 to reduce the default billing cost. You can set the sampling configuration explicitly: https://learn.microsoft.com/azure/azure-monitor/app/java-standalone-config#sampling
2024-07-23 15:51:15.371-05:00 ERROR c.m.applicationinsights.agent - 
*************************
Application Insights Java Agent 3.5.3 startup failed (PID 98930)
*************************

Description:
No connection string provided

Action:
Please provide connection string.

2024-07-24 09:57:14.839-05:00 INFO  c.m.a.a.i.c.ConfigurationBuilder - Some telemetry may be sampled out because a default sampling configuration was added in version 3.4.0 to reduce the default billing cost. You can set the sampling configuration explicitly: https://learn.microsoft.com/azure/azure-monitor/app/java-standalone-config#sampling
2024-07-24 09:57:14.867-05:00 ERROR c.m.applicationinsights.agent - 
*************************
Application Insights Java Agent 3.5.3 startup failed (PID 17025)
*************************

Description:
No connection string provided

Action:
Please provide connection string.

2024-07-24 09:57:15.535-05:00 INFO  c.m.a.a.i.c.ConfigurationBuilder - Some telemetry may be sampled out because a default sampling configuration was added in version 3.4.0 to reduce the default billing cost. You can set the sampling configuration explicitly: https://learn.microsoft.com/azure/azure-monitor/app/java-standalone-config#sampling
2024-07-24 09:57:15.561-05:00 ERROR c.m.applicationinsights.agent - 
*************************
Application Insights Java Agent 3.5.3 startup failed (PID 17032)
*************************

Description:
No connection string provided

Action:
Please provide connection string.

2024-07-26 14:27:14.266-05:00 INFO  c.m.a.a.i.c.ConfigurationBuilder - Some telemetry may be sampled out because a default sampling configuration was added in version 3.4.0 to reduce the default billing cost. You can set the sampling configuration explicitly: https://learn.microsoft.com/azure/azure-monitor/app/java-standalone-config#sampling
2024-07-26 14:27:14.296-05:00 ERROR c.m.applicationinsights.agent - 
*************************
Application Insights Java Agent 3.5.3 startup failed (PID 33234)
*************************

Description:
No connection string provided

Action:
Please provide connection string.

2024-07-26 14:27:16.594-05:00 INFO  c.m.a.a.i.c.ConfigurationBuilder - Some telemetry may be sampled out because a default sampling configuration was added in version 3.4.0 to reduce the default billing cost. You can set the sampling configuration explicitly: https://learn.microsoft.com/azure/azure-monitor/app/java-standalone-config#sampling
2024-07-26 14:27:16.623-05:00 ERROR c.m.applicationinsights.agent - 
*************************
Application Insights Java Agent 3.5.3 startup failed (PID 33246)
*************************

Description:
No connection string provided

Action:
Please provide connection string.

2024-07-26 14:35:47.043-05:00 INFO  c.m.a.a.i.c.ConfigurationBuilder - Some telemetry may be sampled out because a default sampling configuration was added in version 3.4.0 to reduce the default billing cost. You can set the sampling configuration explicitly: https://learn.microsoft.com/azure/azure-monitor/app/java-standalone-config#sampling
2024-07-26 14:35:47.072-05:00 ERROR c.m.applicationinsights.agent - 
*************************
Application Insights Java Agent 3.5.3 startup failed (PID 33505)
*************************

Description:
No connection string provided

Action:
Please provide connection string.

2024-07-26 14:35:47.645-05:00 INFO  c.m.a.a.i.c.ConfigurationBuilder - Some telemetry may be sampled out because a default sampling configuration was added in version 3.4.0 to reduce the default billing cost. You can set the sampling configuration explicitly: https://learn.microsoft.com/azure/azure-monitor/app/java-standalone-config#sampling
2024-07-26 14:35:47.673-05:00 ERROR c.m.applicationinsights.agent - 
*************************
Application Insights Java Agent 3.5.3 startup failed (PID 33509)
*************************

Description:
No connection string provided

Action:
Please provide connection string.

2024-07-26 15:45:20.034-05:00 INFO  c.m.a.a.i.c.ConfigurationBuilder - Some telemetry may be sampled out because a default sampling configuration was added in version 3.4.0 to reduce the default billing cost. You can set the sampling configuration explicitly: https://learn.microsoft.com/azure/azure-monitor/app/java-standalone-config#sampling
2024-07-26 15:45:20.060-05:00 ERROR c.m.applicationinsights.agent - 
*************************
Application Insights Java Agent 3.5.3 startup failed (PID 35578)
*************************

Description:
No connection string provided

Action:
Please provide connection string.

2024-07-26 15:45:34.103-05:00 INFO  c.m.a.a.i.c.ConfigurationBuilder - Some telemetry may be sampled out because a default sampling configuration was added in version 3.4.0 to reduce the default billing cost. You can set the sampling configuration explicitly: https://learn.microsoft.com/azure/azure-monitor/app/java-standalone-config#sampling
2024-07-26 15:45:34.127-05:00 ERROR c.m.applicationinsights.agent - 
*************************
Application Insights Java Agent 3.5.3 startup failed (PID 35599)
*************************

Description:
No connection string provided

Action:
Please provide connection string.

2024-07-26 16:26:30.673-05:00 INFO  c.m.a.a.i.c.ConfigurationBuilder - Some telemetry may be sampled out because a default sampling configuration was added in version 3.4.0 to reduce the default billing cost. You can set the sampling configuration explicitly: https://learn.microsoft.com/azure/azure-monitor/app/java-standalone-config#sampling
2024-07-26 16:26:30.699-05:00 ERROR c.m.applicationinsights.agent - 
*************************
Application Insights Java Agent 3.5.3 startup failed (PID 37257)
*************************

Description:
No connection string provided

Action:
Please provide connection string.

2024-07-26 16:26:39.197-05:00 INFO  c.m.a.a.i.c.ConfigurationBuilder - Some telemetry may be sampled out because a default sampling configuration was added in version 3.4.0 to reduce the default billing cost. You can set the sampling configuration explicitly: https://learn.microsoft.com/azure/azure-monitor/app/java-standalone-config#sampling
2024-07-26 16:26:39.221-05:00 ERROR c.m.applicationinsights.agent - 
*************************
Application Insights Java Agent 3.5.3 startup failed (PID 37272)
*************************

Description:
No connection string provided

Action:
Please provide connection string.

2024-07-26 17:30:20.304-05:00 INFO  c.m.a.a.i.c.ConfigurationBuilder - Some telemetry may be sampled out because a default sampling configuration was added in version 3.4.0 to reduce the default billing cost. You can set the sampling configuration explicitly: https://learn.microsoft.com/azure/azure-monitor/app/java-standalone-config#sampling
2024-07-26 17:30:20.330-05:00 ERROR c.m.applicationinsights.agent - 
*************************
Application Insights Java Agent 3.5.3 startup failed (PID 40833)
*************************

Description:
No connection string provided

Action:
Please provide connection string.

2024-07-26 17:30:21.040-05:00 INFO  c.m.a.a.i.c.ConfigurationBuilder - Some telemetry may be sampled out because a default sampling configuration was added in version 3.4.0 to reduce the default billing cost. You can set the sampling configuration explicitly: https://learn.microsoft.com/azure/azure-monitor/app/java-standalone-config#sampling
2024-07-26 17:30:21.068-05:00 ERROR c.m.applicationinsights.agent - 
*************************
Application Insights Java Agent 3.5.3 startup failed (PID 40836)
*************************

Description:
No connection string provided

Action:
Please provide connection string.

2024-07-26 17:38:13.364-05:00 INFO  c.m.a.a.i.c.ConfigurationBuilder - Some telemetry may be sampled out because a default sampling configuration was added in version 3.4.0 to reduce the default billing cost. You can set the sampling configuration explicitly: https://learn.microsoft.com/azure/azure-monitor/app/java-standalone-config#sampling
2024-07-26 17:38:13.386-05:00 ERROR c.m.applicationinsights.agent - 
*************************
Application Insights Java Agent 3.5.3 startup failed (PID 41238)
*************************

Description:
No connection string provided

Action:
Please provide connection string.

2024-07-26 17:45:28.384-05:00 INFO  c.m.a.a.i.c.ConfigurationBuilder - Some telemetry may be sampled out because a default sampling configuration was added in version 3.4.0 to reduce the default billing cost. You can set the sampling configuration explicitly: https://learn.microsoft.com/azure/azure-monitor/app/java-standalone-config#sampling
2024-07-26 17:45:28.406-05:00 ERROR c.m.applicationinsights.agent - 
*************************
Application Insights Java Agent 3.5.3 startup failed (PID 41468)
*************************

Description:
No connection string provided

Action:
Please provide connection string.

2024-07-26 17:46:50.523-05:00 INFO  c.m.a.a.i.c.ConfigurationBuilder - Some telemetry may be sampled out because a default sampling configuration was added in version 3.4.0 to reduce the default billing cost. You can set the sampling configuration explicitly: https://learn.microsoft.com/azure/azure-monitor/app/java-standalone-config#sampling
2024-07-26 17:46:50.546-05:00 ERROR c.m.applicationinsights.agent - 
*************************
Application Insights Java Agent 3.5.3 startup failed (PID 41515)
*************************

Description:
No connection string provided

Action:
Please provide connection string.

2024-07-26 17:53:38.762-05:00 INFO  c.m.a.a.i.c.ConfigurationBuilder - Some telemetry may be sampled out because a default sampling configuration was added in version 3.4.0 to reduce the default billing cost. You can set the sampling configuration explicitly: https://learn.microsoft.com/azure/azure-monitor/app/java-standalone-config#sampling
2024-07-26 17:53:38.785-05:00 ERROR c.m.applicationinsights.agent - 
*************************
Application Insights Java Agent 3.5.3 startup failed (PID 41816)
*************************

Description:
No connection string provided

Action:
Please provide connection string.

2024-07-29 10:20:34.552-05:00 INFO  c.m.a.a.i.c.ConfigurationBuilder - Some telemetry may be sampled out because a default sampling configuration was added in version 3.4.0 to reduce the default billing cost. You can set the sampling configuration explicitly: https://learn.microsoft.com/azure/azure-monitor/app/java-standalone-config#sampling
2024-07-29 10:20:34.576-05:00 ERROR c.m.applicationinsights.agent - 
*************************
Application Insights Java Agent 3.5.3 startup failed (PID 71770)
*************************

Description:
No connection string provided

Action:
Please provide connection string.

2024-07-29 10:20:37.716-05:00 INFO  c.m.a.a.i.c.ConfigurationBuilder - Some telemetry may be sampled out because a default sampling configuration was added in version 3.4.0 to reduce the default billing cost. You can set the sampling configuration explicitly: https://learn.microsoft.com/azure/azure-monitor/app/java-standalone-config#sampling
2024-07-29 10:20:37.740-05:00 ERROR c.m.applicationinsights.agent - 
*************************
Application Insights Java Agent 3.5.3 startup failed (PID 71788)
*************************

Description:
No connection string provided

Action:
Please provide connection string.

2024-07-29 10:28:13.563-05:00 INFO  c.m.a.a.i.c.ConfigurationBuilder - Some telemetry may be sampled out because a default sampling configuration was added in version 3.4.0 to reduce the default billing cost. You can set the sampling configuration explicitly: https://learn.microsoft.com/azure/azure-monitor/app/java-standalone-config#sampling
2024-07-29 10:28:13.586-05:00 ERROR c.m.applicationinsights.agent - 
*************************
Application Insights Java Agent 3.5.3 startup failed (PID 72071)
*************************

Description:
No connection string provided

Action:
Please provide connection string.

2024-07-30 01:54:24.946-05:00 INFO  c.m.a.a.i.c.ConfigurationBuilder - Some telemetry may be sampled out because a default sampling configuration was added in version 3.4.0 to reduce the default billing cost. You can set the sampling configuration explicitly: https://learn.microsoft.com/azure/azure-monitor/app/java-standalone-config#sampling
2024-07-30 01:54:24.968-05:00 ERROR c.m.applicationinsights.agent - 
*************************
Application Insights Java Agent 3.5.3 startup failed (PID 29752)
*************************

Description:
No connection string provided

Action:
Please provide connection string.

2024-07-30 01:55:21.270-05:00 INFO  c.m.a.a.i.c.ConfigurationBuilder - Some telemetry may be sampled out because a default sampling configuration was added in version 3.4.0 to reduce the default billing cost. You can set the sampling configuration explicitly: https://learn.microsoft.com/azure/azure-monitor/app/java-standalone-config#sampling
2024-07-30 01:55:21.291-05:00 ERROR c.m.applicationinsights.agent - 
*************************
Application Insights Java Agent 3.5.3 startup failed (PID 29775)
*************************

Description:
No connection string provided

Action:
Please provide connection string.

2024-07-30 02:14:23.117-05:00 INFO  c.m.a.a.i.c.ConfigurationBuilder - Some telemetry may be sampled out because a default sampling configuration was added in version 3.4.0 to reduce the default billing cost. You can set the sampling configuration explicitly: https://learn.microsoft.com/azure/azure-monitor/app/java-standalone-config#sampling
2024-07-30 02:14:23.137-05:00 ERROR c.m.applicationinsights.agent - 
*************************
Application Insights Java Agent 3.5.3 startup failed (PID 30416)
*************************

Description:
No connection string provided

Action:
Please provide connection string.

2024-07-30 02:29:14.328-05:00 INFO  c.m.a.a.i.c.ConfigurationBuilder - Some telemetry may be sampled out because a default sampling configuration was added in version 3.4.0 to reduce the default billing cost. You can set the sampling configuration explicitly: https://learn.microsoft.com/azure/azure-monitor/app/java-standalone-config#sampling
2024-07-30 02:29:14.349-05:00 ERROR c.m.applicationinsights.agent - 
*************************
Application Insights Java Agent 3.5.3 startup failed (PID 30812)
*************************

Description:
No connection string provided

Action:
Please provide connection string.

2024-07-30 02:32:31.479-05:00 INFO  c.m.a.a.i.c.ConfigurationBuilder - Some telemetry may be sampled out because a default sampling configuration was added in version 3.4.0 to reduce the default billing cost. You can set the sampling configuration explicitly: https://learn.microsoft.com/azure/azure-monitor/app/java-standalone-config#sampling
2024-07-30 02:32:31.502-05:00 ERROR c.m.applicationinsights.agent - 
*************************
Application Insights Java Agent 3.5.3 startup failed (PID 31021)
*************************

Description:
No connection string provided

Action:
Please provide connection string.

2024-07-30 02:34:39.979-05:00 INFO  c.m.a.a.i.c.ConfigurationBuilder - Some telemetry may be sampled out because a default sampling configuration was added in version 3.4.0 to reduce the default billing cost. You can set the sampling configuration explicitly: https://learn.microsoft.com/azure/azure-monitor/app/java-standalone-config#sampling
2024-07-30 02:34:40.002-05:00 ERROR c.m.applicationinsights.agent - 
*************************
Application Insights Java Agent 3.5.3 startup failed (PID 31080)
*************************

Description:
No connection string provided

Action:
Please provide connection string.

2024-07-30 02:36:23.346-05:00 INFO  c.m.a.a.i.c.ConfigurationBuilder - Some telemetry may be sampled out because a default sampling configuration was added in version 3.4.0 to reduce the default billing cost. You can set the sampling configuration explicitly: https://learn.microsoft.com/azure/azure-monitor/app/java-standalone-config#sampling
2024-07-30 02:36:23.368-05:00 ERROR c.m.applicationinsights.agent - 
*************************
Application Insights Java Agent 3.5.3 startup failed (PID 31116)
*************************

Description:
No connection string provided

Action:
Please provide connection string.

2024-07-30 02:37:47.508-05:00 INFO  c.m.a.a.i.c.ConfigurationBuilder - Some telemetry may be sampled out because a default sampling configuration was added in version 3.4.0 to reduce the default billing cost. You can set the sampling configuration explicitly: https://learn.microsoft.com/azure/azure-monitor/app/java-standalone-config#sampling
2024-07-30 02:37:47.536-05:00 ERROR c.m.applicationinsights.agent - 
*************************
Application Insights Java Agent 3.5.3 startup failed (PID 31152)
*************************

Description:
No connection string provided

Action:
Please provide connection string.

2024-07-30 02:40:36.209-05:00 INFO  c.m.a.a.i.c.ConfigurationBuilder - Some telemetry may be sampled out because a default sampling configuration was added in version 3.4.0 to reduce the default billing cost. You can set the sampling configuration explicitly: https://learn.microsoft.com/azure/azure-monitor/app/java-standalone-config#sampling
2024-07-30 02:40:36.230-05:00 ERROR c.m.applicationinsights.agent - 
*************************
Application Insights Java Agent 3.5.3 startup failed (PID 31215)
*************************

Description:
No connection string provided

Action:
Please provide connection string.

2024-07-30 02:48:13.850-05:00 INFO  c.m.a.a.i.c.ConfigurationBuilder - Some telemetry may be sampled out because a default sampling configuration was added in version 3.4.0 to reduce the default billing cost. You can set the sampling configuration explicitly: https://learn.microsoft.com/azure/azure-monitor/app/java-standalone-config#sampling
2024-07-30 02:48:13.873-05:00 ERROR c.m.applicationinsights.agent - 
*************************
Application Insights Java Agent 3.5.3 startup failed (PID 31532)
*************************

Description:
No connection string provided

Action:
Please provide connection string.

2024-07-30 02:54:31.281-05:00 INFO  c.m.a.a.i.c.ConfigurationBuilder - Some telemetry may be sampled out because a default sampling configuration was added in version 3.4.0 to reduce the default billing cost. You can set the sampling configuration explicitly: https://learn.microsoft.com/azure/azure-monitor/app/java-standalone-config#sampling
2024-07-30 02:54:31.306-05:00 ERROR c.m.applicationinsights.agent - 
*************************
Application Insights Java Agent 3.5.3 startup failed (PID 31778)
*************************

Description:
No connection string provided

Action:
Please provide connection string.

2024-07-30 11:21:41.081-05:00 INFO  c.m.a.a.i.c.ConfigurationBuilder - Some telemetry may be sampled out because a default sampling configuration was added in version 3.4.0 to reduce the default billing cost. You can set the sampling configuration explicitly: https://learn.microsoft.com/azure/azure-monitor/app/java-standalone-config#sampling
2024-07-30 11:21:41.104-05:00 ERROR c.m.applicationinsights.agent - 
*************************
Application Insights Java Agent 3.5.3 startup failed (PID 44181)
*************************

Description:
No connection string provided

Action:
Please provide connection string.

2024-07-30 18:39:45.529-05:00 INFO  c.m.a.a.i.c.ConfigurationBuilder - Some telemetry may be sampled out because a default sampling configuration was added in version 3.4.0 to reduce the default billing cost. You can set the sampling configuration explicitly: https://learn.microsoft.com/azure/azure-monitor/app/java-standalone-config#sampling
2024-07-30 18:39:45.552-05:00 ERROR c.m.applicationinsights.agent - 
*************************
Application Insights Java Agent 3.5.3 startup failed (PID 39579)
*************************

Description:
No connection string provided

Action:
Please provide connection string.

2024-07-30 18:40:20.021-05:00 INFO  c.m.a.a.i.c.ConfigurationBuilder - Some telemetry may be sampled out because a default sampling configuration was added in version 3.4.0 to reduce the default billing cost. You can set the sampling configuration explicitly: https://learn.microsoft.com/azure/azure-monitor/app/java-standalone-config#sampling
2024-07-30 18:40:20.045-05:00 ERROR c.m.applicationinsights.agent - 
*************************
Application Insights Java Agent 3.5.3 startup failed (PID 40129)
*************************

Description:
No connection string provided

Action:
Please provide connection string.

2024-07-30 18:42:47.260-05:00 INFO  c.m.a.a.i.c.ConfigurationBuilder - Some telemetry may be sampled out because a default sampling configuration was added in version 3.4.0 to reduce the default billing cost. You can set the sampling configuration explicitly: https://learn.microsoft.com/azure/azure-monitor/app/java-standalone-config#sampling
2024-07-30 18:42:47.281-05:00 ERROR c.m.applicationinsights.agent - 
*************************
Application Insights Java Agent 3.5.3 startup failed (PID 42492)
*************************

Description:
No connection string provided

Action:
Please provide connection string.

2024-07-30 18:48:48.154-05:00 INFO  c.m.a.a.i.c.ConfigurationBuilder - Some telemetry may be sampled out because a default sampling configuration was added in version 3.4.0 to reduce the default billing cost. You can set the sampling configuration explicitly: https://learn.microsoft.com/azure/azure-monitor/app/java-standalone-config#sampling
2024-07-30 18:48:48.176-05:00 ERROR c.m.applicationinsights.agent - 
*************************
Application Insights Java Agent 3.5.3 startup failed (PID 48401)
*************************

Description:
No connection string provided

Action:
Please provide connection string.

2024-08-05 11:56:23.719-05:00 INFO  c.m.a.a.i.c.ConfigurationBuilder - Some telemetry may be sampled out because a default sampling configuration was added in version 3.4.0 to reduce the default billing cost. You can set the sampling configuration explicitly: https://learn.microsoft.com/azure/azure-monitor/app/java-standalone-config#sampling
2024-08-05 11:56:23.741-05:00 ERROR c.m.applicationinsights.agent - 
*************************
Application Insights Java Agent 3.5.3 startup failed (PID 50578)
*************************

Description:
No connection string provided

Action:
Please provide connection string.

2024-08-05 11:58:21.099-05:00 INFO  c.m.a.a.i.c.ConfigurationBuilder - Some telemetry may be sampled out because a default sampling configuration was added in version 3.4.0 to reduce the default billing cost. You can set the sampling configuration explicitly: https://learn.microsoft.com/azure/azure-monitor/app/java-standalone-config#sampling
2024-08-05 11:58:21.121-05:00 ERROR c.m.applicationinsights.agent - 
*************************
Application Insights Java Agent 3.5.3 startup failed (PID 50924)
*************************

Description:
No connection string provided

Action:
Please provide connection string.

2024-08-05 11:58:40.413-05:00 INFO  c.m.a.a.i.c.ConfigurationBuilder - Some telemetry may be sampled out because a default sampling configuration was added in version 3.4.0 to reduce the default billing cost. You can set the sampling configuration explicitly: https://learn.microsoft.com/azure/azure-monitor/app/java-standalone-config#sampling
2024-08-05 11:58:40.435-05:00 ERROR c.m.applicationinsights.agent - 
*************************
Application Insights Java Agent 3.5.3 startup failed (PID 51005)
*************************

Description:
No connection string provided

Action:
Please provide connection string.

2024-08-05 12:00:14.868-05:00 INFO  c.m.a.a.i.c.ConfigurationBuilder - Some telemetry may be sampled out because a default sampling configuration was added in version 3.4.0 to reduce the default billing cost. You can set the sampling configuration explicitly: https://learn.microsoft.com/azure/azure-monitor/app/java-standalone-config#sampling
2024-08-05 12:00:14.890-05:00 ERROR c.m.applicationinsights.agent - 
*************************
Application Insights Java Agent 3.5.3 startup failed (PID 51180)
*************************

Description:
No connection string provided

Action:
Please provide connection string.

2024-08-05 12:21:41.727-05:00 INFO  c.m.a.a.i.c.ConfigurationBuilder - Some telemetry may be sampled out because a default sampling configuration was added in version 3.4.0 to reduce the default billing cost. You can set the sampling configuration explicitly: https://learn.microsoft.com/azure/azure-monitor/app/java-standalone-config#sampling
2024-08-05 12:21:41.749-05:00 ERROR c.m.applicationinsights.agent - 
*************************
Application Insights Java Agent 3.5.3 startup failed (PID 53619)
*************************

Description:
No connection string provided

Action:
Please provide connection string.

2024-08-05 12:34:47.534-05:00 INFO  c.m.a.a.i.c.ConfigurationBuilder - Some telemetry may be sampled out because a default sampling configuration was added in version 3.4.0 to reduce the default billing cost. You can set the sampling configuration explicitly: https://learn.microsoft.com/azure/azure-monitor/app/java-standalone-config#sampling
2024-08-05 12:34:47.557-05:00 ERROR c.m.applicationinsights.agent - 
*************************
Application Insights Java Agent 3.5.3 startup failed (PID 54977)
*************************

Description:
No connection string provided

Action:
Please provide connection string.

2024-08-05 12:35:29.237-05:00 INFO  c.m.a.a.i.c.ConfigurationBuilder - Some telemetry may be sampled out because a default sampling configuration was added in version 3.4.0 to reduce the default billing cost. You can set the sampling configuration explicitly: https://learn.microsoft.com/azure/azure-monitor/app/java-standalone-config#sampling
2024-08-05 12:35:29.261-05:00 ERROR c.m.applicationinsights.agent - 
*************************
Application Insights Java Agent 3.5.3 startup failed (PID 55152)
*************************

Description:
No connection string provided

Action:
Please provide connection string.

2024-08-05 12:42:14.137-05:00 INFO  c.m.a.a.i.c.ConfigurationBuilder - Some telemetry may be sampled out because a default sampling configuration was added in version 3.4.0 to reduce the default billing cost. You can set the sampling configuration explicitly: https://learn.microsoft.com/azure/azure-monitor/app/java-standalone-config#sampling
2024-08-05 12:42:14.157-05:00 ERROR c.m.applicationinsights.agent - 
*************************
Application Insights Java Agent 3.5.3 startup failed (PID 55813)
*************************

Description:
No connection string provided

Action:
Please provide connection string.

2024-08-05 12:42:25.173-05:00 INFO  c.m.a.a.i.c.ConfigurationBuilder - Some telemetry may be sampled out because a default sampling configuration was added in version 3.4.0 to reduce the default billing cost. You can set the sampling configuration explicitly: https://learn.microsoft.com/azure/azure-monitor/app/java-standalone-config#sampling
2024-08-05 12:42:25.195-05:00 ERROR c.m.applicationinsights.agent - 
*************************
Application Insights Java Agent 3.5.3 startup failed (PID 55834)
*************************

Description:
No connection string provided

Action:
Please provide connection string.

2024-08-05 12:43:36.528-05:00 INFO  c.m.a.a.i.c.ConfigurationBuilder - Some telemetry may be sampled out because a default sampling configuration was added in version 3.4.0 to reduce the default billing cost. You can set the sampling configuration explicitly: https://learn.microsoft.com/azure/azure-monitor/app/java-standalone-config#sampling
2024-08-05 12:43:36.549-05:00 ERROR c.m.applicationinsights.agent - 
*************************
Application Insights Java Agent 3.5.3 startup failed (PID 55947)
*************************

Description:
No connection string provided

Action:
Please provide connection string.

2024-08-05 14:37:19.170-05:00 INFO  c.m.a.a.i.c.ConfigurationBuilder - Some telemetry may be sampled out because a default sampling configuration was added in version 3.4.0 to reduce the default billing cost. You can set the sampling configuration explicitly: https://learn.microsoft.com/azure/azure-monitor/app/java-standalone-config#sampling
2024-08-05 14:37:19.192-05:00 ERROR c.m.applicationinsights.agent - 
*************************
Application Insights Java Agent 3.5.3 startup failed (PID 7859)
*************************

Description:
No connection string provided

Action:
Please provide connection string.

2024-08-05 14:58:55.527-05:00 INFO  c.m.a.a.i.c.ConfigurationBuilder - Some telemetry may be sampled out because a default sampling configuration was added in version 3.4.0 to reduce the default billing cost. You can set the sampling configuration explicitly: https://learn.microsoft.com/azure/azure-monitor/app/java-standalone-config#sampling
2024-08-05 14:58:55.547-05:00 ERROR c.m.applicationinsights.agent - 
*************************
Application Insights Java Agent 3.5.3 startup failed (PID 11616)
*************************

Description:
No connection string provided

Action:
Please provide connection string.

2024-08-05 15:07:57.839-05:00 INFO  c.m.a.a.i.c.ConfigurationBuilder - Some telemetry may be sampled out because a default sampling configuration was added in version 3.4.0 to reduce the default billing cost. You can set the sampling configuration explicitly: https://learn.microsoft.com/azure/azure-monitor/app/java-standalone-config#sampling
2024-08-05 15:07:57.859-05:00 ERROR c.m.applicationinsights.agent - 
*************************
Application Insights Java Agent 3.5.3 startup failed (PID 11905)
*************************

Description:
No connection string provided

Action:
Please provide connection string.

2024-08-05 15:12:55.348-05:00 INFO  c.m.a.a.i.c.ConfigurationBuilder - Some telemetry may be sampled out because a default sampling configuration was added in version 3.4.0 to reduce the default billing cost. You can set the sampling configuration explicitly: https://learn.microsoft.com/azure/azure-monitor/app/java-standalone-config#sampling
2024-08-05 15:12:55.370-05:00 ERROR c.m.applicationinsights.agent - 
*************************
Application Insights Java Agent 3.5.3 startup failed (PID 12039)
*************************

Description:
No connection string provided

Action:
Please provide connection string.

2024-08-05 15:54:20.859-05:00 INFO  c.m.a.a.i.c.ConfigurationBuilder - Some telemetry may be sampled out because a default sampling configuration was added in version 3.4.0 to reduce the default billing cost. You can set the sampling configuration explicitly: https://learn.microsoft.com/azure/azure-monitor/app/java-standalone-config#sampling
2024-08-05 15:54:20.879-05:00 ERROR c.m.applicationinsights.agent - 
*************************
Application Insights Java Agent 3.5.3 startup failed (PID 13216)
*************************

Description:
No connection string provided

Action:
Please provide connection string.

2024-08-05 15:56:00.345-05:00 INFO  c.m.a.a.i.c.ConfigurationBuilder - Some telemetry may be sampled out because a default sampling configuration was added in version 3.4.0 to reduce the default billing cost. You can set the sampling configuration explicitly: https://learn.microsoft.com/azure/azure-monitor/app/java-standalone-config#sampling
2024-08-05 15:56:00.364-05:00 ERROR c.m.applicationinsights.agent - 
*************************
Application Insights Java Agent 3.5.3 startup failed (PID 13252)
*************************

Description:
No connection string provided

Action:
Please provide connection string.

